<?xml version='1.0' encoding='UTF-8'?>
<testsuite hostname="Coreys-MacBook-Air.local" name="TaskManagerSpec" tests="2" errors="0" failures="0" skipped="0" time="0.017" timestamp="2023-02-13T12:26:31">
          <properties>
[...]
</properties>
          <testcase classname="TaskManagerSpec" name="An empty tasks list should have 0 tasks due today" time="0.016">
                      
                    </testcase><testcase classname="TaskManagerSpec" name="A task list with one task due today should have 1 task due today" time="0.001">
                      
                    </testcase>
          <system-out><![CDATA[]]></system-out>
          <system-err><![CDATA[]]></system-err>
        </testsuite>